WARNING:root:LogPass._retChMap() ignoring duplicate mnemonic: b'CALI'
WARNING:root:LogPass._retChMap() ignoring duplicate mnemonic: b'DEPT'
WARNING:root:LogPass._retUnitMap() ignoring duplicate mnemonic: b'CALI'
WARNING:root:LogPass._retUnitMap() ignoring duplicate mnemonic: b'DEPT'
WARNING:root:LogPass._retChMap() ignoring duplicate mnemonic: b'DEPT'
WARNING:root:LogPass._retUnitMap() ignoring duplicate mnemonic: b'DEPT'
WARNING:root:LogPass._retChMap() ignoring duplicate mnemonic: b'CALI'
WARNING:root:LogPass._retUnitMap() ignoring duplicate mnemonic: b'CALI'
WARNING:root:LogPass._retChMap() ignoring duplicate mnemonic: b'CALI'
WARNING:root:LogPass._retChMap() ignoring duplicate mnemonic: b'CALI'
WARNING:root:LogPass._retChMap() ignoring duplicate mnemonic: b'CALI'
WARNING:root:LogPass._retChMap() ignoring duplicate mnemonic: b'DRHO'
WARNING:root:LogPass._retChMap() ignoring duplicate mnemonic: b'DRHO'
WARNING:root:LogPass._retChMap() ignoring duplicate mnemonic: b'NPHI'
WARNING:root:LogPass._retChMap() ignoring duplicate mnemonic: b'NPHI'
WARNING:root:LogPass._retChMap() ignoring duplicate mnemonic: b'CALI'
WARNING:root:LogPass._retChMap() ignoring duplicate mnemonic: b'RHOB'
WARNING:root:LogPass._retChMap() ignoring duplicate mnemonic: b'RHOB'
WARNING:root:LogPass._retUnitMap() ignoring duplicate mnemonic: b'CALI'
WARNING:root:LogPass._retUnitMap() ignoring duplicate mnemonic: b'CALI'
WARNING:root:LogPass._retUnitMap() ignoring duplicate mnemonic: b'CALI'
WARNING:root:LogPass._retUnitMap() ignoring duplicate mnemonic: b'DRHO'
WARNING:root:LogPass._retUnitMap() ignoring duplicate mnemonic: b'DRHO'
WARNING:root:LogPass._retUnitMap() ignoring duplicate mnemonic: b'NPHI'
WARNING:root:LogPass._retUnitMap() ignoring duplicate mnemonic: b'NPHI'
WARNING:root:LogPass._retUnitMap() ignoring duplicate mnemonic: b'CALI'
WARNING:root:LogPass._retUnitMap() ignoring duplicate mnemonic: b'RHOB'
WARNING:root:LogPass._retUnitMap() ignoring duplicate mnemonic: b'RHOB'
WARNING:root:LogPass._retChMap() ignoring duplicate mnemonic: b'TENS'
WARNING:root:LogPass._retChMap() ignoring duplicate mnemonic: b'CILD'
WARNING:root:LogPass._retUnitMap() ignoring duplicate mnemonic: b'TENS'
WARNING:root:LogPass._retUnitMap() ignoring duplicate mnemonic: b'CILD'
WARNING:root:LogPass._retChMap() ignoring duplicate mnemonic: b'DEPT'
WARNING:root:LogPass._retUnitMap() ignoring duplicate mnemonic: b'DEPT'
WARNING:root:LogPass._retChMap() ignoring duplicate mnemonic: b'DEPT'
WARNING:root:LogPass._retUnitMap() ignoring duplicate mnemonic: b'DEPT'
WARNING:root:LogPass._retChMap() ignoring duplicate mnemonic: b'DEVI'
WARNING:root:LogPass._retUnitMap() ignoring duplicate mnemonic: b'DEVI'
WARNING:root:LogPass._retChMap() ignoring duplicate mnemonic: b'DEPT'
WARNING:root:LogPass._retUnitMap() ignoring duplicate mnemonic: b'DEPT'
WARNING:root:LogPass._retChMap() ignoring duplicate mnemonic: b'DEPT'
WARNING:root:LogPass._retUnitMap() ignoring duplicate mnemonic: b'DEPT'
WARNING:root:LogPass._retChMap() ignoring duplicate mnemonic: b'DEPT'
WARNING:root:LogPass._retUnitMap() ignoring duplicate mnemonic: b'DEPT'
WARNING:root:LogPass._retChMap() ignoring duplicate mnemonic: b'DEPT'
WARNING:root:LogPass._retUnitMap() ignoring duplicate mnemonic: b'DEPT'
WARNING:root:LogPass._retChMap() ignoring duplicate mnemonic: b'DEPT'
WARNING:root:LogPass._retUnitMap() ignoring duplicate mnemonic: b'DEPT'
WARNING:root:LogPass._retChMap() ignoring duplicate mnemonic: b'DEPT'
WARNING:root:LogPass._retUnitMap() ignoring duplicate mnemonic: b'DEPT'
WARNING:root:LogPass._retChMap() ignoring duplicate mnemonic: b'CILD'
WARNING:root:LogPass._retChMap() ignoring duplicate mnemonic: b'SFLA'
WARNING:root:LogPass._retChMap() ignoring duplicate mnemonic: b'SFLU'
WARNING:root:LogPass._retChMap() ignoring duplicate mnemonic: b'TENS'
WARNING:root:LogPass._retUnitMap() ignoring duplicate mnemonic: b'CILD'
WARNING:root:LogPass._retUnitMap() ignoring duplicate mnemonic: b'SFLA'
WARNING:root:LogPass._retUnitMap() ignoring duplicate mnemonic: b'SFLU'
WARNING:root:LogPass._retUnitMap() ignoring duplicate mnemonic: b'TENS'
WARNING:root:LogPass._retChMap() ignoring duplicate mnemonic: b'ETIM'
WARNING:root:LogPass._retUnitMap() ignoring duplicate mnemonic: b'ETIM'
WARNING:root:LogPass._retChMap() ignoring duplicate mnemonic: b'NPOR'
WARNING:root:LogPass._retChMap() ignoring duplicate mnemonic: b'NRHO'
WARNING:root:LogPass._retChMap() ignoring duplicate mnemonic: b'RCFT'
WARNING:root:LogPass._retChMap() ignoring duplicate mnemonic: b'RCNT'
WARNING:root:LogPass._retChMap() ignoring duplicate mnemonic: b'RHOB'
WARNING:root:LogPass._retChMap() ignoring duplicate mnemonic: b'RLIT'
WARNING:root:LogPass._retChMap() ignoring duplicate mnemonic: b'RSS1'
WARNING:root:LogPass._retChMap() ignoring duplicate mnemonic: b'RSS2'
WARNING:root:LogPass._retChMap() ignoring duplicate mnemonic: b'TENS'
WARNING:root:LogPass._retChMap() ignoring duplicate mnemonic: b'TNPH'
WARNING:root:LogPass._retChMap() ignoring duplicate mnemonic: b'TNRA'
WARNING:root:LogPass._retChMap() ignoring duplicate mnemonic: b'DRHO'
WARNING:root:LogPass._retChMap() ignoring duplicate mnemonic: b'ETIM'
WARNING:root:LogPass._retChMap() ignoring duplicate mnemonic: b'LITH'
WARNING:root:LogPass._retChMap() ignoring duplicate mnemonic: b'CALI'
WARNING:root:LogPass._retChMap() ignoring duplicate mnemonic: b'LSRH'
WARNING:root:LogPass._retChMap() ignoring duplicate mnemonic: b'LURH'
WARNING:root:LogPass._retChMap() ignoring duplicate mnemonic: b'NPHI'
WARNING:root:LogPass._retUnitMap() ignoring duplicate mnemonic: b'NPOR'
WARNING:root:LogPass._retUnitMap() ignoring duplicate mnemonic: b'NRHO'
WARNING:root:LogPass._retUnitMap() ignoring duplicate mnemonic: b'RCFT'
WARNING:root:LogPass._retUnitMap() ignoring duplicate mnemonic: b'RCNT'
WARNING:root:LogPass._retUnitMap() ignoring duplicate mnemonic: b'RHOB'
WARNING:root:LogPass._retUnitMap() ignoring duplicate mnemonic: b'RLIT'
WARNING:root:LogPass._retUnitMap() ignoring duplicate mnemonic: b'RSS1'
WARNING:root:LogPass._retUnitMap() ignoring duplicate mnemonic: b'RSS2'
WARNING:root:LogPass._retUnitMap() ignoring duplicate mnemonic: b'TENS'
WARNING:root:LogPass._retUnitMap() ignoring duplicate mnemonic: b'TNPH'
WARNING:root:LogPass._retUnitMap() ignoring duplicate mnemonic: b'TNRA'
WARNING:root:LogPass._retUnitMap() ignoring duplicate mnemonic: b'DRHO'
WARNING:root:LogPass._retUnitMap() ignoring duplicate mnemonic: b'ETIM'
WARNING:root:LogPass._retUnitMap() ignoring duplicate mnemonic: b'LITH'
WARNING:root:LogPass._retUnitMap() ignoring duplicate mnemonic: b'CALI'
WARNING:root:LogPass._retUnitMap() ignoring duplicate mnemonic: b'LSRH'
WARNING:root:LogPass._retUnitMap() ignoring duplicate mnemonic: b'LURH'
WARNING:root:LogPass._retUnitMap() ignoring duplicate mnemonic: b'NPHI'
WARNING:root:LogPass._retChMap() ignoring duplicate mnemonic: b'CALI'
WARNING:root:LogPass._retUnitMap() ignoring duplicate mnemonic: b'CALI'
WARNING:root:LogPass._retChMap() ignoring duplicate mnemonic: b'CALI'
WARNING:root:LogPass._retUnitMap() ignoring duplicate mnemonic: b'CALI'
WARNING:root:LogPass._retChMap() ignoring duplicate mnemonic: b'SFLU'
WARNING:root:LogPass._retUnitMap() ignoring duplicate mnemonic: b'SFLU'
WARNING:root:LogPass._retChMap() ignoring duplicate mnemonic: b'CALI'
WARNING:root:LogPass._retChMap() ignoring duplicate mnemonic: b'CALI'
WARNING:root:LogPass._retChMap() ignoring duplicate mnemonic: b'DRHO'
WARNING:root:LogPass._retChMap() ignoring duplicate mnemonic: b'NPHI'
WARNING:root:LogPass._retChMap() ignoring duplicate mnemonic: b'RHOB'
WARNING:root:LogPass._retChMap() ignoring duplicate mnemonic: b'CALI'
WARNING:root:LogPass._retUnitMap() ignoring duplicate mnemonic: b'CALI'
WARNING:root:LogPass._retUnitMap() ignoring duplicate mnemonic: b'CALI'
WARNING:root:LogPass._retUnitMap() ignoring duplicate mnemonic: b'DRHO'
WARNING:root:LogPass._retUnitMap() ignoring duplicate mnemonic: b'NPHI'
WARNING:root:LogPass._retUnitMap() ignoring duplicate mnemonic: b'RHOB'
WARNING:root:LogPass._retUnitMap() ignoring duplicate mnemonic: b'CALI'
WARNING:root:LogPass._retChMap() ignoring duplicate mnemonic: b'TENS'
WARNING:root:LogPass._retUnitMap() ignoring duplicate mnemonic: b'TENS'
WARNING:root:LogPass._retChMap() ignoring duplicate mnemonic: b'CALI'
WARNING:root:LogPass._retUnitMap() ignoring duplicate mnemonic: b'CALI'
WARNING:root:LogPass._retChMap() ignoring duplicate mnemonic: b'CALI'
WARNING:root:LogPass._retUnitMap() ignoring duplicate mnemonic: b'CALI'
WARNING:root:LogPass._retChMap() ignoring duplicate mnemonic: b'CALI'
WARNING:root:LogPass._retUnitMap() ignoring duplicate mnemonic: b'CALI'
WARNING:root:LogPass._retChMap() ignoring duplicate mnemonic: b'NPHI'
WARNING:root:LogPass._retChMap() ignoring duplicate mnemonic: b'RHOB'
WARNING:root:LogPass._retChMap() ignoring duplicate mnemonic: b'DRHO'
WARNING:root:LogPass._retUnitMap() ignoring duplicate mnemonic: b'NPHI'
WARNING:root:LogPass._retUnitMap() ignoring duplicate mnemonic: b'RHOB'
WARNING:root:LogPass._retUnitMap() ignoring duplicate mnemonic: b'DRHO'
WARNING:root:LogPass._retChMap() ignoring duplicate mnemonic: b'TENS'
WARNING:root:LogPass._retUnitMap() ignoring duplicate mnemonic: b'TENS'
WARNING:root:LogPass._retChMap() ignoring duplicate mnemonic: b'CALI'
WARNING:root:LogPass._retUnitMap() ignoring duplicate mnemonic: b'CALI'
WARNING:root:LogPass._retChMap() ignoring duplicate mnemonic: b'CILD'
WARNING:root:LogPass._retUnitMap() ignoring duplicate mnemonic: b'CILD'
