WARNING:root:LogPass._retChMap() ignoring duplicate mnemonic: b'TENS'
WARNING:root:LogPass._retChMap() ignoring duplicate mnemonic: b'CALI'
WARNING:root:LogPass._retUnitMap() ignoring duplicate mnemonic: b'TENS'
WARNING:root:LogPass._retUnitMap() ignoring duplicate mnemonic: b'CALI'
WARNING:root:LogPass._retChMap() ignoring duplicate mnemonic: b'CNST'
WARNING:root:LogPass._retChMap() ignoring duplicate mnemonic: b'DRHO'
WARNING:root:LogPass._retChMap() ignoring duplicate mnemonic: b'FCNL'
WARNING:root:LogPass._retChMap() ignoring duplicate mnemonic: b'FFDC'
WARNING:root:LogPass._retChMap() ignoring duplicate mnemonic: b'NCNL'
WARNING:root:LogPass._retChMap() ignoring duplicate mnemonic: b'CALI'
WARNING:root:LogPass._retChMap() ignoring duplicate mnemonic: b'NFDC'
WARNING:root:LogPass._retChMap() ignoring duplicate mnemonic: b'NPHI'
WARNING:root:LogPass._retChMap() ignoring duplicate mnemonic: b'RHOB'
WARNING:root:LogPass._retUnitMap() ignoring duplicate mnemonic: b'CNST'
WARNING:root:LogPass._retUnitMap() ignoring duplicate mnemonic: b'DRHO'
WARNING:root:LogPass._retUnitMap() ignoring duplicate mnemonic: b'FCNL'
WARNING:root:LogPass._retUnitMap() ignoring duplicate mnemonic: b'FFDC'
WARNING:root:LogPass._retUnitMap() ignoring duplicate mnemonic: b'NCNL'
WARNING:root:LogPass._retUnitMap() ignoring duplicate mnemonic: b'CALI'
WARNING:root:LogPass._retUnitMap() ignoring duplicate mnemonic: b'NFDC'
WARNING:root:LogPass._retUnitMap() ignoring duplicate mnemonic: b'NPHI'
WARNING:root:LogPass._retUnitMap() ignoring duplicate mnemonic: b'RHOB'
WARNING:root:LogPass._retChMap() ignoring duplicate mnemonic: b'TSPD'
WARNING:root:LogPass._retChMap() ignoring duplicate mnemonic: b'TSPD'
WARNING:root:LogPass._retChMap() ignoring duplicate mnemonic: b'TSPD'
WARNING:root:LogPass._retChMap() ignoring duplicate mnemonic: b'CILD'
WARNING:root:LogPass._retChMap() ignoring duplicate mnemonic: b'CILM'
WARNING:root:LogPass._retChMap() ignoring duplicate mnemonic: b'CILM'
WARNING:root:LogPass._retChMap() ignoring duplicate mnemonic: b'CNST'
WARNING:root:LogPass._retChMap() ignoring duplicate mnemonic: b'CNST'
WARNING:root:LogPass._retChMap() ignoring duplicate mnemonic: b'FCNL'
WARNING:root:LogPass._retChMap() ignoring duplicate mnemonic: b'FCNL'
WARNING:root:LogPass._retChMap() ignoring duplicate mnemonic: b'FFDC'
WARNING:root:LogPass._retChMap() ignoring duplicate mnemonic: b'CILD'
WARNING:root:LogPass._retChMap() ignoring duplicate mnemonic: b'FFDC'
WARNING:root:LogPass._retChMap() ignoring duplicate mnemonic: b'NCNL'
WARNING:root:LogPass._retChMap() ignoring duplicate mnemonic: b'NCNL'
WARNING:root:LogPass._retChMap() ignoring duplicate mnemonic: b'NFDC'
WARNING:root:LogPass._retChMap() ignoring duplicate mnemonic: b'NFDC'
WARNING:root:LogPass._retChMap() ignoring duplicate mnemonic: b'TENS'
WARNING:root:LogPass._retChMap() ignoring duplicate mnemonic: b'TENS'
WARNING:root:LogPass._retChMap() ignoring duplicate mnemonic: b'TENS'
WARNING:root:LogPass._retUnitMap() ignoring duplicate mnemonic: b'TSPD'
WARNING:root:LogPass._retUnitMap() ignoring duplicate mnemonic: b'TSPD'
WARNING:root:LogPass._retUnitMap() ignoring duplicate mnemonic: b'TSPD'
WARNING:root:LogPass._retUnitMap() ignoring duplicate mnemonic: b'CILD'
WARNING:root:LogPass._retUnitMap() ignoring duplicate mnemonic: b'CILM'
WARNING:root:LogPass._retUnitMap() ignoring duplicate mnemonic: b'CILM'
WARNING:root:LogPass._retUnitMap() ignoring duplicate mnemonic: b'CNST'
WARNING:root:LogPass._retUnitMap() ignoring duplicate mnemonic: b'CNST'
WARNING:root:LogPass._retUnitMap() ignoring duplicate mnemonic: b'FCNL'
WARNING:root:LogPass._retUnitMap() ignoring duplicate mnemonic: b'FCNL'
WARNING:root:LogPass._retUnitMap() ignoring duplicate mnemonic: b'FFDC'
WARNING:root:LogPass._retUnitMap() ignoring duplicate mnemonic: b'CILD'
WARNING:root:LogPass._retUnitMap() ignoring duplicate mnemonic: b'FFDC'
WARNING:root:LogPass._retUnitMap() ignoring duplicate mnemonic: b'NCNL'
WARNING:root:LogPass._retUnitMap() ignoring duplicate mnemonic: b'NCNL'
WARNING:root:LogPass._retUnitMap() ignoring duplicate mnemonic: b'NFDC'
WARNING:root:LogPass._retUnitMap() ignoring duplicate mnemonic: b'NFDC'
WARNING:root:LogPass._retUnitMap() ignoring duplicate mnemonic: b'TENS'
WARNING:root:LogPass._retUnitMap() ignoring duplicate mnemonic: b'TENS'
WARNING:root:LogPass._retUnitMap() ignoring duplicate mnemonic: b'TENS'
