WARNING:root:LogPass._retChMap() ignoring duplicate mnemonic: b'DEVI'
WARNING:root:LogPass._retUnitMap() ignoring duplicate mnemonic: b'DEVI'
WARNING:root:LogPass._retChMap() ignoring duplicate mnemonic: b'DEPT'
WARNING:root:LogPass._retUnitMap() ignoring duplicate mnemonic: b'DEPT'
WARNING:root:LogPass._retChMap() ignoring duplicate mnemonic: b'DEPT'
WARNING:root:LogPass._retUnitMap() ignoring duplicate mnemonic: b'DEPT'
WARNING:root:LogPass._retChMap() ignoring duplicate mnemonic: b'HNPO'
WARNING:root:LogPass._retChMap() ignoring duplicate mnemonic: b'HTNP'
WARNING:root:LogPass._retChMap() ignoring duplicate mnemonic: b'LITH'
WARNING:root:LogPass._retChMap() ignoring duplicate mnemonic: b'CFTC'
WARNING:root:LogPass._retChMap() ignoring duplicate mnemonic: b'LSRH'
WARNING:root:LogPass._retChMap() ignoring duplicate mnemonic: b'LURH'
WARNING:root:LogPass._retChMap() ignoring duplicate mnemonic: b'NPHI'
WARNING:root:LogPass._retChMap() ignoring duplicate mnemonic: b'NPOR'
WARNING:root:LogPass._retChMap() ignoring duplicate mnemonic: b'NRHO'
WARNING:root:LogPass._retChMap() ignoring duplicate mnemonic: b'CILD'
WARNING:root:LogPass._retChMap() ignoring duplicate mnemonic: b'RCFT'
WARNING:root:LogPass._retChMap() ignoring duplicate mnemonic: b'RCNT'
WARNING:root:LogPass._retChMap() ignoring duplicate mnemonic: b'RHFT'
WARNING:root:LogPass._retChMap() ignoring duplicate mnemonic: b'RHNT'
WARNING:root:LogPass._retChMap() ignoring duplicate mnemonic: b'CILD'
WARNING:root:LogPass._retChMap() ignoring duplicate mnemonic: b'RHOB'
WARNING:root:LogPass._retChMap() ignoring duplicate mnemonic: b'RLIT'
WARNING:root:LogPass._retChMap() ignoring duplicate mnemonic: b'RSS1'
WARNING:root:LogPass._retChMap() ignoring duplicate mnemonic: b'RSS2'
WARNING:root:LogPass._retChMap() ignoring duplicate mnemonic: b'RTNR'
WARNING:root:LogPass._retChMap() ignoring duplicate mnemonic: b'S1RH'
WARNING:root:LogPass._retChMap() ignoring duplicate mnemonic: b'SFLA'
WARNING:root:LogPass._retChMap() ignoring duplicate mnemonic: b'SFLA'
WARNING:root:LogPass._retChMap() ignoring duplicate mnemonic: b'CNTC'
WARNING:root:LogPass._retChMap() ignoring duplicate mnemonic: b'SFLU'
WARNING:root:LogPass._retChMap() ignoring duplicate mnemonic: b'SFLU'
WARNING:root:LogPass._retChMap() ignoring duplicate mnemonic: b'SPAR'
WARNING:root:LogPass._retChMap() ignoring duplicate mnemonic: b'SPAR'
WARNING:root:LogPass._retChMap() ignoring duplicate mnemonic: b'TALP'
WARNING:root:LogPass._retChMap() ignoring duplicate mnemonic: b'TENS'
WARNING:root:LogPass._retChMap() ignoring duplicate mnemonic: b'TENS'
WARNING:root:LogPass._retChMap() ignoring duplicate mnemonic: b'TIME'
WARNING:root:LogPass._retChMap() ignoring duplicate mnemonic: b'TIME'
WARNING:root:LogPass._retChMap() ignoring duplicate mnemonic: b'TNPH'
WARNING:root:LogPass._retChMap() ignoring duplicate mnemonic: b'TNRA'
WARNING:root:LogPass._retChMap() ignoring duplicate mnemonic: b'DRHO'
WARNING:root:LogPass._retChMap() ignoring duplicate mnemonic: b'CALI'
WARNING:root:LogPass._retChMap() ignoring duplicate mnemonic: b'ENPH'
WARNING:root:LogPass._retChMap() ignoring duplicate mnemonic: b'ETIM'
WARNING:root:LogPass._retChMap() ignoring duplicate mnemonic: b'ETIM'
WARNING:root:LogPass._retUnitMap() ignoring duplicate mnemonic: b'HNPO'
WARNING:root:LogPass._retUnitMap() ignoring duplicate mnemonic: b'HTNP'
WARNING:root:LogPass._retUnitMap() ignoring duplicate mnemonic: b'LITH'
WARNING:root:LogPass._retUnitMap() ignoring duplicate mnemonic: b'CFTC'
WARNING:root:LogPass._retUnitMap() ignoring duplicate mnemonic: b'LSRH'
WARNING:root:LogPass._retUnitMap() ignoring duplicate mnemonic: b'LURH'
WARNING:root:LogPass._retUnitMap() ignoring duplicate mnemonic: b'NPHI'
WARNING:root:LogPass._retUnitMap() ignoring duplicate mnemonic: b'NPOR'
WARNING:root:LogPass._retUnitMap() ignoring duplicate mnemonic: b'NRHO'
WARNING:root:LogPass._retUnitMap() ignoring duplicate mnemonic: b'CILD'
WARNING:root:LogPass._retUnitMap() ignoring duplicate mnemonic: b'RCFT'
WARNING:root:LogPass._retUnitMap() ignoring duplicate mnemonic: b'RCNT'
WARNING:root:LogPass._retUnitMap() ignoring duplicate mnemonic: b'RHFT'
WARNING:root:LogPass._retUnitMap() ignoring duplicate mnemonic: b'RHNT'
WARNING:root:LogPass._retUnitMap() ignoring duplicate mnemonic: b'CILD'
WARNING:root:LogPass._retUnitMap() ignoring duplicate mnemonic: b'RHOB'
WARNING:root:LogPass._retUnitMap() ignoring duplicate mnemonic: b'RLIT'
WARNING:root:LogPass._retUnitMap() ignoring duplicate mnemonic: b'RSS1'
WARNING:root:LogPass._retUnitMap() ignoring duplicate mnemonic: b'RSS2'
WARNING:root:LogPass._retUnitMap() ignoring duplicate mnemonic: b'RTNR'
WARNING:root:LogPass._retUnitMap() ignoring duplicate mnemonic: b'S1RH'
WARNING:root:LogPass._retUnitMap() ignoring duplicate mnemonic: b'SFLA'
WARNING:root:LogPass._retUnitMap() ignoring duplicate mnemonic: b'SFLA'
WARNING:root:LogPass._retUnitMap() ignoring duplicate mnemonic: b'CNTC'
WARNING:root:LogPass._retUnitMap() ignoring duplicate mnemonic: b'SFLU'
WARNING:root:LogPass._retUnitMap() ignoring duplicate mnemonic: b'SFLU'
WARNING:root:LogPass._retUnitMap() ignoring duplicate mnemonic: b'SPAR'
WARNING:root:LogPass._retUnitMap() ignoring duplicate mnemonic: b'SPAR'
WARNING:root:LogPass._retUnitMap() ignoring duplicate mnemonic: b'TALP'
WARNING:root:LogPass._retUnitMap() ignoring duplicate mnemonic: b'TENS'
WARNING:root:LogPass._retUnitMap() ignoring duplicate mnemonic: b'TENS'
WARNING:root:LogPass._retUnitMap() ignoring duplicate mnemonic: b'TIME'
WARNING:root:LogPass._retUnitMap() ignoring duplicate mnemonic: b'TIME'
WARNING:root:LogPass._retUnitMap() ignoring duplicate mnemonic: b'TNPH'
WARNING:root:LogPass._retUnitMap() ignoring duplicate mnemonic: b'TNRA'
WARNING:root:LogPass._retUnitMap() ignoring duplicate mnemonic: b'DRHO'
WARNING:root:LogPass._retUnitMap() ignoring duplicate mnemonic: b'CALI'
WARNING:root:LogPass._retUnitMap() ignoring duplicate mnemonic: b'ENPH'
WARNING:root:LogPass._retUnitMap() ignoring duplicate mnemonic: b'ETIM'
WARNING:root:LogPass._retUnitMap() ignoring duplicate mnemonic: b'ETIM'
WARNING:root:LogPass._retChMap() ignoring duplicate mnemonic: b'HNRH'
WARNING:root:LogPass._retChMap() ignoring duplicate mnemonic: b'HPEF'
WARNING:root:LogPass._retChMap() ignoring duplicate mnemonic: b'HRHO'
WARNING:root:LogPass._retChMap() ignoring duplicate mnemonic: b'RHLI'
WARNING:root:LogPass._retChMap() ignoring duplicate mnemonic: b'RHLL'
WARNING:root:LogPass._retChMap() ignoring duplicate mnemonic: b'RHLS'
WARNING:root:LogPass._retChMap() ignoring duplicate mnemonic: b'HDRH'
WARNING:root:LogPass._retChMap() ignoring duplicate mnemonic: b'RHLU'
WARNING:root:LogPass._retChMap() ignoring duplicate mnemonic: b'RHS1'
WARNING:root:LogPass._retChMap() ignoring duplicate mnemonic: b'RHS2'
WARNING:root:LogPass._retUnitMap() ignoring duplicate mnemonic: b'HNRH'
WARNING:root:LogPass._retUnitMap() ignoring duplicate mnemonic: b'HPEF'
WARNING:root:LogPass._retUnitMap() ignoring duplicate mnemonic: b'HRHO'
WARNING:root:LogPass._retUnitMap() ignoring duplicate mnemonic: b'RHLI'
WARNING:root:LogPass._retUnitMap() ignoring duplicate mnemonic: b'RHLL'
WARNING:root:LogPass._retUnitMap() ignoring duplicate mnemonic: b'RHLS'
WARNING:root:LogPass._retUnitMap() ignoring duplicate mnemonic: b'HDRH'
WARNING:root:LogPass._retUnitMap() ignoring duplicate mnemonic: b'RHLU'
WARNING:root:LogPass._retUnitMap() ignoring duplicate mnemonic: b'RHS1'
WARNING:root:LogPass._retUnitMap() ignoring duplicate mnemonic: b'RHS2'
WARNING:root:LogPass._retChMap() ignoring duplicate mnemonic: b'DEPT'
WARNING:root:LogPass._retUnitMap() ignoring duplicate mnemonic: b'DEPT'
WARNING:root:LogPass._retChMap() ignoring duplicate mnemonic: b'DEPT'
WARNING:root:LogPass._retUnitMap() ignoring duplicate mnemonic: b'DEPT'
WARNING:root:LogPass._retChMap() ignoring duplicate mnemonic: b'DEPT'
WARNING:root:LogPass._retUnitMap() ignoring duplicate mnemonic: b'DEPT'
WARNING:root:LogPass._retChMap() ignoring duplicate mnemonic: b'DEPT'
WARNING:root:LogPass._retUnitMap() ignoring duplicate mnemonic: b'DEPT'
WARNING:root:LogPass._retChMap() ignoring duplicate mnemonic: b'DEPT'
WARNING:root:LogPass._retUnitMap() ignoring duplicate mnemonic: b'DEPT'
WARNING:root:LogPass._retChMap() ignoring duplicate mnemonic: b'AMPL'
WARNING:root:LogPass._retChMap() ignoring duplicate mnemonic: b'CALI'
WARNING:root:LogPass._retChMap() ignoring duplicate mnemonic: b'AMPL'
WARNING:root:LogPass._retChMap() ignoring duplicate mnemonic: b'TENS'
WARNING:root:LogPass._retUnitMap() ignoring duplicate mnemonic: b'AMPL'
WARNING:root:LogPass._retUnitMap() ignoring duplicate mnemonic: b'CALI'
WARNING:root:LogPass._retUnitMap() ignoring duplicate mnemonic: b'AMPL'
WARNING:root:LogPass._retUnitMap() ignoring duplicate mnemonic: b'TENS'
WARNING:root:LogPass._retChMap() ignoring duplicate mnemonic: b'DRHO'
WARNING:root:LogPass._retChMap() ignoring duplicate mnemonic: b'FCNL'
WARNING:root:LogPass._retChMap() ignoring duplicate mnemonic: b'FFDC'
WARNING:root:LogPass._retChMap() ignoring duplicate mnemonic: b'NCNL'
WARNING:root:LogPass._retChMap() ignoring duplicate mnemonic: b'NFDC'
WARNING:root:LogPass._retChMap() ignoring duplicate mnemonic: b'CALI'
WARNING:root:LogPass._retChMap() ignoring duplicate mnemonic: b'NPHI'
WARNING:root:LogPass._retChMap() ignoring duplicate mnemonic: b'RHOB'
WARNING:root:LogPass._retChMap() ignoring duplicate mnemonic: b'TENS'
WARNING:root:LogPass._retUnitMap() ignoring duplicate mnemonic: b'DRHO'
WARNING:root:LogPass._retUnitMap() ignoring duplicate mnemonic: b'FCNL'
WARNING:root:LogPass._retUnitMap() ignoring duplicate mnemonic: b'FFDC'
WARNING:root:LogPass._retUnitMap() ignoring duplicate mnemonic: b'NCNL'
WARNING:root:LogPass._retUnitMap() ignoring duplicate mnemonic: b'NFDC'
WARNING:root:LogPass._retUnitMap() ignoring duplicate mnemonic: b'CALI'
WARNING:root:LogPass._retUnitMap() ignoring duplicate mnemonic: b'NPHI'
WARNING:root:LogPass._retUnitMap() ignoring duplicate mnemonic: b'RHOB'
WARNING:root:LogPass._retUnitMap() ignoring duplicate mnemonic: b'TENS'
WARNING:root:LogPass._retChMap() ignoring duplicate mnemonic: b'MSFL'
WARNING:root:LogPass._retUnitMap() ignoring duplicate mnemonic: b'MSFL'
WARNING:root:LogPass._retChMap() ignoring duplicate mnemonic: b'CILD'
WARNING:root:LogPass._retUnitMap() ignoring duplicate mnemonic: b'CILD'
WARNING:root:LogPass._retChMap() ignoring duplicate mnemonic: b'DTSI'
WARNING:root:LogPass._retChMap() ignoring duplicate mnemonic: b'DTSI'
WARNING:root:LogPass._retUnitMap() ignoring duplicate mnemonic: b'DTSI'
WARNING:root:LogPass._retUnitMap() ignoring duplicate mnemonic: b'DTSI'
WARNING:root:LogPass._retChMap() ignoring duplicate mnemonic: b'CALI'
WARNING:root:LogPass._retUnitMap() ignoring duplicate mnemonic: b'CALI'
WARNING:root:LogPass._retChMap() ignoring duplicate mnemonic: b'TENS'
WARNING:root:LogPass._retChMap() ignoring duplicate mnemonic: b'CILD'
WARNING:root:LogPass._retUnitMap() ignoring duplicate mnemonic: b'TENS'
WARNING:root:LogPass._retUnitMap() ignoring duplicate mnemonic: b'CILD'
